<?xml version="1.0" encoding="UTF-8"?>
<testng-results skipped="0" failed="0" ignored="0" total="9" passed="9">
  <reporter-output>
  </reporter-output>
  <suite name="Default suite" duration-ms="268620" started-at="2022-05-24T17:52:29 IST" finished-at="2022-05-24T17:56:57 IST">
    <groups>
      <group name="cucumber">
        <method signature="AbstractTestNGCucumberTests.runScenario(io.cucumber.testng.PickleWrapper,io.cucumber.testng.FeatureWrapper)[pri:0, instance:TestRunner.Runner@18bf3d14]" name="runScenario" class="io.cucumber.testng.AbstractTestNGCucumberTests"/>
      </group> <!-- cucumber -->
    </groups>
    <test name="Default test" duration-ms="268620" started-at="2022-05-24T17:52:29 IST" finished-at="2022-05-24T17:56:57 IST">
      <class name="TestRunner.Runner">
        <test-method status="PASS" signature="setUpClass(org.testng.ITestContext)[pri:0, instance:TestRunner.Runner@18bf3d14]" name="setUpClass" is-config="true" duration-ms="495" started-at="2022-05-24T17:52:29 IST" finished-at="2022-05-24T17:52:29 IST">
          <params>
            <param index="0">
              <value>
                <![CDATA[org.testng.TestRunner@71d0b8a4]]>
              </value>
            </param>
          </params>
          <reporter-output>
          </reporter-output>
        </test-method> <!-- setUpClass -->
        <test-method status="PASS" signature="runScenario(io.cucumber.testng.PickleWrapper,io.cucumber.testng.FeatureWrapper)[pri:0, instance:TestRunner.Runner@18bf3d14]" name="runScenario" duration-ms="30489" started-at="2022-05-24T17:52:29 IST" description="Runs Cucumber Scenarios" data-provider="scenarios" finished-at="2022-05-24T17:53:00 IST">
          <params>
            <param index="0">
              <value>
                <![CDATA["Bill Pay"]]>
              </value>
            </param>
            <param index="1">
              <value>
                <![CDATA["Optional[Bill Pay]"]]>
              </value>
            </param>
          </params>
          <reporter-output>
          </reporter-output>
        </test-method> <!-- runScenario -->
        <test-method status="PASS" signature="runScenario(io.cucumber.testng.PickleWrapper,io.cucumber.testng.FeatureWrapper)[pri:0, instance:TestRunner.Runner@18bf3d14]" name="runScenario" duration-ms="22628" started-at="2022-05-24T17:53:00 IST" description="Runs Cucumber Scenarios" data-provider="scenarios" finished-at="2022-05-24T17:53:22 IST">
          <params>
            <param index="0">
              <value>
                <![CDATA["Bill Pay Error Messages Validation"]]>
              </value>
            </param>
            <param index="1">
              <value>
                <![CDATA["Optional[Bill Pay]"]]>
              </value>
            </param>
          </params>
          <reporter-output>
          </reporter-output>
        </test-method> <!-- runScenario -->
        <test-method status="PASS" signature="runScenario(io.cucumber.testng.PickleWrapper,io.cucumber.testng.FeatureWrapper)[pri:0, instance:TestRunner.Runner@18bf3d14]" name="runScenario" duration-ms="22993" started-at="2022-05-24T17:53:22 IST" description="Runs Cucumber Scenarios" data-provider="scenarios" finished-at="2022-05-24T17:53:45 IST">
          <params>
            <param index="0">
              <value>
                <![CDATA["Bill Pay - Verify Invalid and Mismatch error message"]]>
              </value>
            </param>
            <param index="1">
              <value>
                <![CDATA["Optional[Bill Pay]"]]>
              </value>
            </param>
          </params>
          <reporter-output>
          </reporter-output>
        </test-method> <!-- runScenario -->
        <test-method status="PASS" signature="runScenario(io.cucumber.testng.PickleWrapper,io.cucumber.testng.FeatureWrapper)[pri:0, instance:TestRunner.Runner@18bf3d14]" name="runScenario" duration-ms="26358" started-at="2022-05-24T17:53:45 IST" description="Runs Cucumber Scenarios" data-provider="scenarios" finished-at="2022-05-24T17:54:12 IST">
          <params>
            <param index="0">
              <value>
                <![CDATA["UpdateContact Info"]]>
              </value>
            </param>
            <param index="1">
              <value>
                <![CDATA["Optional[UpdateContact]"]]>
              </value>
            </param>
          </params>
          <reporter-output>
          </reporter-output>
        </test-method> <!-- runScenario -->
        <test-method status="PASS" signature="runScenario(io.cucumber.testng.PickleWrapper,io.cucumber.testng.FeatureWrapper)[pri:0, instance:TestRunner.Runner@18bf3d14]" name="runScenario" duration-ms="30544" started-at="2022-05-24T17:54:12 IST" description="Runs Cucumber Scenarios" data-provider="scenarios" finished-at="2022-05-24T17:54:42 IST">
          <params>
            <param index="0">
              <value>
                <![CDATA["UpdateContact Info -Error Msg validation"]]>
              </value>
            </param>
            <param index="1">
              <value>
                <![CDATA["Optional[UpdateContact]"]]>
              </value>
            </param>
          </params>
          <reporter-output>
          </reporter-output>
        </test-method> <!-- runScenario -->
        <test-method status="PASS" signature="runScenario(io.cucumber.testng.PickleWrapper,io.cucumber.testng.FeatureWrapper)[pri:0, instance:TestRunner.Runner@18bf3d14]" name="runScenario" duration-ms="21609" started-at="2022-05-24T17:54:42 IST" description="Runs Cucumber Scenarios" data-provider="scenarios" finished-at="2022-05-24T17:55:04 IST">
          <params>
            <param index="0">
              <value>
                <![CDATA["Successful Login with Valid Credentials"]]>
              </value>
            </param>
            <param index="1">
              <value>
                <![CDATA["Optional[Login]"]]>
              </value>
            </param>
          </params>
          <reporter-output>
          </reporter-output>
        </test-method> <!-- runScenario -->
        <test-method status="PASS" signature="runScenario(io.cucumber.testng.PickleWrapper,io.cucumber.testng.FeatureWrapper)[pri:0, instance:TestRunner.Runner@18bf3d14]" name="runScenario" duration-ms="39274" started-at="2022-05-24T17:55:04 IST" description="Runs Cucumber Scenarios" data-provider="scenarios" finished-at="2022-05-24T17:55:43 IST">
          <params>
            <param index="0">
              <value>
                <![CDATA["Open a New Account"]]>
              </value>
            </param>
            <param index="1">
              <value>
                <![CDATA["Optional[Openning  New Account]"]]>
              </value>
            </param>
          </params>
          <reporter-output>
          </reporter-output>
        </test-method> <!-- runScenario -->
        <test-method status="PASS" signature="runScenario(io.cucumber.testng.PickleWrapper,io.cucumber.testng.FeatureWrapper)[pri:0, instance:TestRunner.Runner@18bf3d14]" name="runScenario" duration-ms="42373" started-at="2022-05-24T17:55:43 IST" description="Runs Cucumber Scenarios" data-provider="scenarios" finished-at="2022-05-24T17:56:25 IST">
          <params>
            <param index="0">
              <value>
                <![CDATA["Open a New Account"]]>
              </value>
            </param>
            <param index="1">
              <value>
                <![CDATA["Optional[Openning  New Account]"]]>
              </value>
            </param>
          </params>
          <reporter-output>
          </reporter-output>
        </test-method> <!-- runScenario -->
        <test-method status="PASS" signature="runScenario(io.cucumber.testng.PickleWrapper,io.cucumber.testng.FeatureWrapper)[pri:0, instance:TestRunner.Runner@18bf3d14]" name="runScenario" duration-ms="31576" started-at="2022-05-24T17:56:25 IST" description="Runs Cucumber Scenarios" data-provider="scenarios" finished-at="2022-05-24T17:56:57 IST">
          <params>
            <param index="0">
              <value>
                <![CDATA["Transfer Fund from one account to another"]]>
              </value>
            </param>
            <param index="1">
              <value>
                <![CDATA["Optional[Transfer Fund]"]]>
              </value>
            </param>
          </params>
          <reporter-output>
          </reporter-output>
        </test-method> <!-- runScenario -->
        <test-method status="PASS" signature="tearDownClass()[pri:0, instance:TestRunner.Runner@18bf3d14]" name="tearDownClass" is-config="true" duration-ms="228" started-at="2022-05-24T17:56:57 IST" finished-at="2022-05-24T17:56:57 IST">
          <reporter-output>
          </reporter-output>
        </test-method> <!-- tearDownClass -->
      </class> <!-- TestRunner.Runner -->
    </test> <!-- Default test -->
  </suite> <!-- Default suite -->
</testng-results>
